Determining if the pthread_create exist failed with the following output:
Change Dir: /home/dengdan/github/ssd-caffe/release/CMakeFiles/CMakeTmp

Run Build Command:/usr/bin/make "cmTryCompileExec205820233/fast"
/usr/bin/make -f CMakeFiles/cmTryCompileExec205820233.dir/build.make CMakeFiles/cmTryCompileExec205820233.dir/build
make[1]: Entering directory '/data/dengdan/github/ssd-caffe/release/CMakeFiles/CMakeTmp'
/usr/bin/cmake -E cmake_progress_report /home/dengdan/github/ssd-caffe/release/CMakeFiles/CMakeTmp/CMakeFiles 1
Building C object CMakeFiles/cmTryCompileExec205820233.dir/CheckSymbolExists.c.o
/usr/bin/cc    -o CMakeFiles/cmTryCompileExec205820233.dir/CheckSymbolExists.c.o   -c /home/dengdan/github/ssd-caffe/release/CMakeFiles/CMakeTmp/CheckSymbolExists.c
Linking C executable cmTryCompileExec205820233
/usr/bin/cmake -E cmake_link_script CMakeFiles/cmTryCompileExec205820233.dir/link.txt --verbose=1
/usr/bin/cc       CMakeFiles/cmTryCompileExec205820233.dir/CheckSymbolExists.c.o  -o cmTryCompileExec205820233 -rdynamic 
CMakeFiles/cmTryCompileExec205820233.dir/CheckSymbolExists.c.o: In function `main':
CheckSymbolExists.c:(.text+0x16): undefined reference to `pthread_create'
collect2: error: ld returned 1 exit status
CMakeFiles/cmTryCompileExec205820233.dir/build.make:88: recipe for target 'cmTryCompileExec205820233' failed
make[1]: Leaving directory '/data/dengdan/github/ssd-caffe/release/CMakeFiles/CMakeTmp'
make[1]: *** [cmTryCompileExec205820233] Error 1
Makefile:114: recipe for target 'cmTryCompileExec205820233/fast' failed
make: *** [cmTryCompileExec205820233/fast] Error 2

File /home/dengdan/github/ssd-caffe/release/CMakeFiles/CMakeTmp/CheckSymbolExists.c:
/* */
#include <pthread.h>

int main(int argc, char** argv)
{
  (void)argv;
#ifndef pthread_create
  return ((int*)(&pthread_create))[argc];
#else
  (void)argc;
  return 0;
#endif
}

Determining if the function pthread_create exists in the pthreads failed with the following output:
Change Dir: /home/dengdan/github/ssd-caffe/release/CMakeFiles/CMakeTmp

Run Build Command:/usr/bin/make "cmTryCompileExec3312424661/fast"
/usr/bin/make -f CMakeFiles/cmTryCompileExec3312424661.dir/build.make CMakeFiles/cmTryCompileExec3312424661.dir/build
make[1]: Entering directory '/data/dengdan/github/ssd-caffe/release/CMakeFiles/CMakeTmp'
/usr/bin/cmake -E cmake_progress_report /home/dengdan/github/ssd-caffe/release/CMakeFiles/CMakeTmp/CMakeFiles 1
Building C object CMakeFiles/cmTryCompileExec3312424661.dir/CheckFunctionExists.c.o
/usr/bin/cc   -DCHECK_FUNCTION_EXISTS=pthread_create   -o CMakeFiles/cmTryCompileExec3312424661.dir/CheckFunctionExists.c.o   -c /usr/share/cmake-2.8/Modules/CheckFunctionExists.c
Linking C executable cmTryCompileExec3312424661
/usr/bin/cmake -E cmake_link_script CMakeFiles/cmTryCompileExec3312424661.dir/link.txt --verbose=1
/usr/bin/cc   -DCHECK_FUNCTION_EXISTS=pthread_create    CMakeFiles/cmTryCompileExec3312424661.dir/CheckFunctionExists.c.o  -o cmTryCompileExec3312424661 -rdynamic -lpthreads 
/usr/bin/ld: cannot find -lpthreads
collect2: error: ld returned 1 exit status
CMakeFiles/cmTryCompileExec3312424661.dir/build.make:88: recipe for target 'cmTryCompileExec3312424661' failed
make[1]: Leaving directory '/data/dengdan/github/ssd-caffe/release/CMakeFiles/CMakeTmp'
make[1]: *** [cmTryCompileExec3312424661] Error 1
Makefile:114: recipe for target 'cmTryCompileExec3312424661/fast' failed
make: *** [cmTryCompileExec3312424661/fast] Error 2


